  main.cpp
  The contents of <filesystem> are available only with C++17 or later.
C:\Users\jy3df\OneDrive\Documents\Projects\OpenGL-SolarSystem\main.cpp(48,22): warning C4244: '=': conversion from 'LONG' to 'float', possible loss of data
C:\Users\jy3df\OneDrive\Documents\Projects\OpenGL-SolarSystem\main.cpp(49,20): warning C4244: '=': conversion from 'LONG' to 'float', possible loss of data
C:\Users\jy3df\OneDrive\Documents\Projects\OpenGL-SolarSystem\main.cpp(194,54): warning C4244: 'argument': conversion from 'float' to 'int', possible loss of data
C:\Users\jy3df\OneDrive\Documents\Projects\OpenGL-SolarSystem\main.cpp(194,40): warning C4244: 'argument': conversion from 'float' to 'int', possible loss of data
C:\Users\jy3df\OneDrive\Documents\Projects\OpenGL-SolarSystem\main.cpp(268,24): warning C4838: conversion from 'FT_Pos' to 'GLuint' requires a narrowing conversion
C:\Users\jy3df\OneDrive\Documents\Projects\OpenGL-SolarSystem\main.cpp(775,52): warning C4244: 'argument': conversion from 'float' to 'const unsigned __int64', possible loss of data
glfw3.lib(init.obj) : warning LNK4099: PDB 'glfw.pdb' was not found with 'glfw3.lib(init.obj)' or at 'C:\Users\jy3df\OneDrive\Documents\Projects\OpenGL-SolarSystem\x64\Debug\glfw.pdb'; linking object as if no debug info
glfw3.lib(monitor.obj) : warning LNK4099: PDB 'glfw.pdb' was not found with 'glfw3.lib(monitor.obj)' or at 'C:\Users\jy3df\OneDrive\Documents\Projects\OpenGL-SolarSystem\x64\Debug\glfw.pdb'; linking object as if no debug info
glfw3.lib(window.obj) : warning LNK4099: PDB 'glfw.pdb' was not found with 'glfw3.lib(window.obj)' or at 'C:\Users\jy3df\OneDrive\Documents\Projects\OpenGL-SolarSystem\x64\Debug\glfw.pdb'; linking object as if no debug info
glfw3.lib(input.obj) : warning LNK4099: PDB 'glfw.pdb' was not found with 'glfw3.lib(input.obj)' or at 'C:\Users\jy3df\OneDrive\Documents\Projects\OpenGL-SolarSystem\x64\Debug\glfw.pdb'; linking object as if no debug info
glfw3.lib(context.obj) : warning LNK4099: PDB 'glfw.pdb' was not found with 'glfw3.lib(context.obj)' or at 'C:\Users\jy3df\OneDrive\Documents\Projects\OpenGL-SolarSystem\x64\Debug\glfw.pdb'; linking object as if no debug info
glfw3.lib(win32_init.obj) : warning LNK4099: PDB 'glfw.pdb' was not found with 'glfw3.lib(win32_init.obj)' or at 'C:\Users\jy3df\OneDrive\Documents\Projects\OpenGL-SolarSystem\x64\Debug\glfw.pdb'; linking object as if no debug info
glfw3.lib(win32_monitor.obj) : warning LNK4099: PDB 'glfw.pdb' was not found with 'glfw3.lib(win32_monitor.obj)' or at 'C:\Users\jy3df\OneDrive\Documents\Projects\OpenGL-SolarSystem\x64\Debug\glfw.pdb'; linking object as if no debug info
glfw3.lib(win32_time.obj) : warning LNK4099: PDB 'glfw.pdb' was not found with 'glfw3.lib(win32_time.obj)' or at 'C:\Users\jy3df\OneDrive\Documents\Projects\OpenGL-SolarSystem\x64\Debug\glfw.pdb'; linking object as if no debug info
glfw3.lib(vulkan.obj) : warning LNK4099: PDB 'glfw.pdb' was not found with 'glfw3.lib(vulkan.obj)' or at 'C:\Users\jy3df\OneDrive\Documents\Projects\OpenGL-SolarSystem\x64\Debug\glfw.pdb'; linking object as if no debug info
glfw3.lib(win32_window.obj) : warning LNK4099: PDB 'glfw.pdb' was not found with 'glfw3.lib(win32_window.obj)' or at 'C:\Users\jy3df\OneDrive\Documents\Projects\OpenGL-SolarSystem\x64\Debug\glfw.pdb'; linking object as if no debug info
glfw3.lib(win32_tls.obj) : warning LNK4099: PDB 'glfw.pdb' was not found with 'glfw3.lib(win32_tls.obj)' or at 'C:\Users\jy3df\OneDrive\Documents\Projects\OpenGL-SolarSystem\x64\Debug\glfw.pdb'; linking object as if no debug info
glfw3.lib(win32_joystick.obj) : warning LNK4099: PDB 'glfw.pdb' was not found with 'glfw3.lib(win32_joystick.obj)' or at 'C:\Users\jy3df\OneDrive\Documents\Projects\OpenGL-SolarSystem\x64\Debug\glfw.pdb'; linking object as if no debug info
glfw3.lib(wgl_context.obj) : warning LNK4099: PDB 'glfw.pdb' was not found with 'glfw3.lib(wgl_context.obj)' or at 'C:\Users\jy3df\OneDrive\Documents\Projects\OpenGL-SolarSystem\x64\Debug\glfw.pdb'; linking object as if no debug info
glfw3.lib(egl_context.obj) : warning LNK4099: PDB 'glfw.pdb' was not found with 'glfw3.lib(egl_context.obj)' or at 'C:\Users\jy3df\OneDrive\Documents\Projects\OpenGL-SolarSystem\x64\Debug\glfw.pdb'; linking object as if no debug info
  DiamondEngine.vcxproj -> C:\Users\jy3df\OneDrive\Documents\Projects\OpenGL-SolarSystem\x64\Debug\DiamondEngine.exe
